    INFO           cli.rb:17:in `block in listen' -- : Knotz version: 0.2.0
======> {:template_path=>"/Users/bunsoyu/git/knotz/data/template/knotz.tpl", :db_path=>"/Users/bunsoyu/git/knotz/db/development.sqlite3", :knot_path=>"/Users/bunsoyu/git/knotz/data/plain", :extension_path=>"/Users/bunsoyu/git/knotz/data/extension"}
modified absolute path: []
added absolute path: ["/Users/bunsoyu/git/knotz/data/plain/index.jpg"]
removed absolute path: []
    INFO                   knotz.rb:20:in `start' -- : ===
    INFO                   knotz.rb:21:in `start' -- : === Knotz start
    INFO                   knotz.rb:22:in `start' -- : ===
    INFO                   knotz.rb:23:in `start' -- : 
    INFO             knotz.rb:89:in `start_image' -- : file : /Users/bunsoyu/git/knotz/data/plain/index.jpg
    INFO             knotz.rb:90:in `start_image' -- : dest : /Users/bunsoyu/git/knotz/data/images
    INFO                   knotz.rb:45:in `start' -- : ===
    INFO                   knotz.rb:46:in `start' -- : === Knotz end
    INFO                   knotz.rb:47:in `start' -- : ===
    INFO                   knotz.rb:48:in `start' -- : 
modified absolute path: []
added absolute path: ["/Users/bunsoyu/git/knotz/data/plain/index.knot"]
removed absolute path: []
    INFO                   knotz.rb:20:in `start' -- : ===
    INFO                   knotz.rb:21:in `start' -- : === Knotz start
    INFO                   knotz.rb:22:in `start' -- : ===
    INFO                   knotz.rb:23:in `start' -- : 
    INFO              knotz.rb:57:in `start_knot' -- : ** Knot : index
   DEBUG              knotz.rb:58:in `start_knot' -- : ** config : {:type=>:ADDED, :knot_path=>"/Users/bunsoyu/git/knotz/data/plain/index.knot", :read_file=>"index.knot", :knot=>"index"}
   DEBUG              knotz.rb:59:in `start_knot' -- : ** target : index.knot
added or modifed
   DEBUG               parser.rb:49:in `precheck' -- : check ok? => false
    INFO               parser.rb:64:in `precheck' -- : knot(plain) is modified. restart.
   ERROR         knotz.rb:38:in `rescue in start' -- : ** knot's format is adjusted.
   ERROR         knotz.rb:39:in `rescue in start' -- : ***
/Users/bunsoyu/git/knotz/lib/knotz/parser.rb:66:in `precheck'
/Users/bunsoyu/git/knotz/lib/knotz.rb:67:in `start_knot'
/Users/bunsoyu/git/knotz/lib/knotz.rb:29:in `block in start'
/Users/bunsoyu/git/knotz/lib/knotz.rb:26:in `each'
/Users/bunsoyu/git/knotz/lib/knotz.rb:26:in `start'
/Users/bunsoyu/git/knotz/lib/knotz/cli.rb:25:in `block (2 levels) in listen'
/Users/bunsoyu/.rbenv/versions/2.2.3/lib/ruby/gems/2.2.0/gems/listen-3.0.6/lib/listen/event/config.rb:23:in `call'
/Users/bunsoyu/.rbenv/versions/2.2.3/lib/ruby/gems/2.2.0/gems/listen-3.0.6/lib/listen/event/config.rb:23:in `call'
/Users/bunsoyu/.rbenv/versions/2.2.3/lib/ruby/gems/2.2.0/gems/listen-3.0.6/lib/listen/event/processor.rb:115:in `_process_changes'
/Users/bunsoyu/.rbenv/versions/2.2.3/lib/ruby/gems/2.2.0/gems/listen-3.0.6/lib/listen/event/processor.rb:19:in `block in loop_for'
/Users/bunsoyu/.rbenv/versions/2.2.3/lib/ruby/gems/2.2.0/gems/listen-3.0.6/lib/listen/event/processor.rb:15:in `loop'
/Users/bunsoyu/.rbenv/versions/2.2.3/lib/ruby/gems/2.2.0/gems/listen-3.0.6/lib/listen/event/processor.rb:15:in `loop_for'
/Users/bunsoyu/.rbenv/versions/2.2.3/lib/ruby/gems/2.2.0/gems/listen-3.0.6/lib/listen/event/loop.rb:84:in `_wait_for_changes'
/Users/bunsoyu/.rbenv/versions/2.2.3/lib/ruby/gems/2.2.0/gems/listen-3.0.6/lib/listen/event/loop.rb:42:in `block in setup'
/Users/bunsoyu/.rbenv/versions/2.2.3/lib/ruby/gems/2.2.0/gems/listen-3.0.6/lib/listen/internals/thread_pool.rb:6:in `call'
/Users/bunsoyu/.rbenv/versions/2.2.3/lib/ruby/gems/2.2.0/gems/listen-3.0.6/lib/listen/internals/thread_pool.rb:6:in `block in add'
    INFO                   knotz.rb:45:in `start' -- : ===
    INFO                   knotz.rb:46:in `start' -- : === Knotz end
    INFO                   knotz.rb:47:in `start' -- : ===
    INFO                   knotz.rb:48:in `start' -- : 
modified absolute path: ["/Users/bunsoyu/git/knotz/data/plain/index.knot"]
added absolute path: []
removed absolute path: []
    INFO                   knotz.rb:20:in `start' -- : ===
    INFO                   knotz.rb:21:in `start' -- : === Knotz start
    INFO                   knotz.rb:22:in `start' -- : ===
    INFO                   knotz.rb:23:in `start' -- : 
    INFO              knotz.rb:57:in `start_knot' -- : ** Knot : index
   DEBUG              knotz.rb:58:in `start_knot' -- : ** config : {:type=>:MODIFIED, :knot_path=>"/Users/bunsoyu/git/knotz/data/plain/index.knot", :read_file=>"index.knot", :knot=>"index"}
   DEBUG              knotz.rb:59:in `start_knot' -- : ** target : index.knot
added or modifed
   DEBUG               parser.rb:49:in `precheck' -- : check ok? => true
   DEBUG              knotz.rb:70:in `start_knot' -- : ** config after parse : {:type=>:MODIFIED, :knot_path=>"/Users/bunsoyu/git/knotz/data/plain/index.knot", :read_file=>"index.knot", :knot=>"index", :knot_plain=>"@@ index\n@< \n@> \nindex.knot\n\n", :parsed_subject=>"index", :parsed_froms=>[], :parsed_tos=>[], :knot_content=>"index.knot\n"}
    INFO                   knotz.rb:45:in `start' -- : ===
    INFO                   knotz.rb:46:in `start' -- : === Knotz end
    INFO                   knotz.rb:47:in `start' -- : ===
    INFO                   knotz.rb:48:in `start' -- : 
modified absolute path: []
added absolute path: []
removed absolute path: ["/Users/bunsoyu/git/knotz/data/plain/index.jpg"]
    INFO                   knotz.rb:20:in `start' -- : ===
    INFO                   knotz.rb:21:in `start' -- : === Knotz start
    INFO                   knotz.rb:22:in `start' -- : ===
    INFO                   knotz.rb:23:in `start' -- : 
    INFO             knotz.rb:89:in `start_image' -- : file : /Users/bunsoyu/git/knotz/data/plain/index.jpg
    INFO             knotz.rb:90:in `start_image' -- : dest : /Users/bunsoyu/git/knotz/data/images
   ERROR         knotz.rb:38:in `rescue in start' -- : ** No such file or directory @ rb_sysopen - /Users/bunsoyu/git/knotz/data/plain/index.jpg
   ERROR         knotz.rb:39:in `rescue in start' -- : ***
/Users/bunsoyu/.rbenv/versions/2.2.3/lib/ruby/2.2.0/fileutils.rb:1391:in `initialize'
/Users/bunsoyu/.rbenv/versions/2.2.3/lib/ruby/2.2.0/fileutils.rb:1391:in `open'
/Users/bunsoyu/.rbenv/versions/2.2.3/lib/ruby/2.2.0/fileutils.rb:1391:in `copy_file'
/Users/bunsoyu/.rbenv/versions/2.2.3/lib/ruby/2.2.0/fileutils.rb:485:in `copy_file'
/Users/bunsoyu/.rbenv/versions/2.2.3/lib/ruby/2.2.0/fileutils.rb:402:in `block in cp'
/Users/bunsoyu/.rbenv/versions/2.2.3/lib/ruby/2.2.0/fileutils.rb:1570:in `block in fu_each_src_dest'
/Users/bunsoyu/.rbenv/versions/2.2.3/lib/ruby/2.2.0/fileutils.rb:1584:in `fu_each_src_dest0'
/Users/bunsoyu/.rbenv/versions/2.2.3/lib/ruby/2.2.0/fileutils.rb:1568:in `fu_each_src_dest'
/Users/bunsoyu/.rbenv/versions/2.2.3/lib/ruby/2.2.0/fileutils.rb:401:in `cp'
/Users/bunsoyu/git/knotz/lib/knotz.rb:92:in `start_image'
/Users/bunsoyu/git/knotz/lib/knotz.rb:31:in `block in start'
/Users/bunsoyu/git/knotz/lib/knotz.rb:26:in `each'
/Users/bunsoyu/git/knotz/lib/knotz.rb:26:in `start'
/Users/bunsoyu/git/knotz/lib/knotz/cli.rb:27:in `block (2 levels) in listen'
/Users/bunsoyu/.rbenv/versions/2.2.3/lib/ruby/gems/2.2.0/gems/listen-3.0.6/lib/listen/event/config.rb:23:in `call'
/Users/bunsoyu/.rbenv/versions/2.2.3/lib/ruby/gems/2.2.0/gems/listen-3.0.6/lib/listen/event/config.rb:23:in `call'
/Users/bunsoyu/.rbenv/versions/2.2.3/lib/ruby/gems/2.2.0/gems/listen-3.0.6/lib/listen/event/processor.rb:115:in `_process_changes'
/Users/bunsoyu/.rbenv/versions/2.2.3/lib/ruby/gems/2.2.0/gems/listen-3.0.6/lib/listen/event/processor.rb:19:in `block in loop_for'
/Users/bunsoyu/.rbenv/versions/2.2.3/lib/ruby/gems/2.2.0/gems/listen-3.0.6/lib/listen/event/processor.rb:15:in `loop'
/Users/bunsoyu/.rbenv/versions/2.2.3/lib/ruby/gems/2.2.0/gems/listen-3.0.6/lib/listen/event/processor.rb:15:in `loop_for'
/Users/bunsoyu/.rbenv/versions/2.2.3/lib/ruby/gems/2.2.0/gems/listen-3.0.6/lib/listen/event/loop.rb:84:in `_wait_for_changes'
/Users/bunsoyu/.rbenv/versions/2.2.3/lib/ruby/gems/2.2.0/gems/listen-3.0.6/lib/listen/event/loop.rb:42:in `block in setup'
/Users/bunsoyu/.rbenv/versions/2.2.3/lib/ruby/gems/2.2.0/gems/listen-3.0.6/lib/listen/internals/thread_pool.rb:6:in `call'
/Users/bunsoyu/.rbenv/versions/2.2.3/lib/ruby/gems/2.2.0/gems/listen-3.0.6/lib/listen/internals/thread_pool.rb:6:in `block in add'
    INFO                   knotz.rb:45:in `start' -- : ===
    INFO                   knotz.rb:46:in `start' -- : === Knotz end
    INFO                   knotz.rb:47:in `start' -- : ===
    INFO                   knotz.rb:48:in `start' -- : 
modified absolute path: []
added absolute path: []
removed absolute path: ["/Users/bunsoyu/git/knotz/data/plain/index.knot"]
    INFO                   knotz.rb:20:in `start' -- : ===
    INFO                   knotz.rb:21:in `start' -- : === Knotz start
    INFO                   knotz.rb:22:in `start' -- : ===
    INFO                   knotz.rb:23:in `start' -- : 
    INFO              knotz.rb:57:in `start_knot' -- : ** Knot : index
   DEBUG              knotz.rb:58:in `start_knot' -- : ** config : {:type=>:REMOVED, :knot_path=>"/Users/bunsoyu/git/knotz/data/plain/index.knot", :read_file=>"index.knot", :knot=>"index"}
   DEBUG              knotz.rb:59:in `start_knot' -- : ** target : index.knot
   DEBUG        fetcher.rb:73:in `delete_by_name' -- : knot('index') is deleting.
    INFO                   knotz.rb:45:in `start' -- : ===
    INFO                   knotz.rb:46:in `start' -- : === Knotz end
    INFO                   knotz.rb:47:in `start' -- : ===
    INFO                   knotz.rb:48:in `start' -- : 
modified absolute path: []
added absolute path: ["/Users/bunsoyu/git/knotz/data/plain/.gitignore"]
removed absolute path: []
    INFO                   knotz.rb:20:in `start' -- : ===
    INFO                   knotz.rb:21:in `start' -- : === Knotz start
    INFO                   knotz.rb:22:in `start' -- : ===
    INFO                   knotz.rb:23:in `start' -- : 
else...
    INFO                   knotz.rb:45:in `start' -- : ===
    INFO                   knotz.rb:46:in `start' -- : === Knotz end
    INFO                   knotz.rb:47:in `start' -- : ===
    INFO                   knotz.rb:48:in `start' -- : 
